1                                                     The SAS System                        00:41 Monday, October 28, 2019

NOTE: Copyright (c) 2002-2012 by SAS Institute Inc., Cary, NC, USA. 
NOTE: SAS (r) Proprietary Software 9.4 (TS1M2 MBCS3170) 
      Licensed to NATIONAL PINGTUNG UNI OF SCIENCE&TECH, Site 12001462.
NOTE: This session is executing on the X64_8HOME  platform.



NOTE: Updated analytical products:
      
      SAS/STAT 13.2
      SAS/ETS 13.2
      SAS/OR 13.2
      SAS/IML 13.2
      SAS/QC 13.2

NOTE: Additional host information:

 X64_8HOME WIN 6.2.9200  Workstation

NOTE: SAS initialization used:
      real time           0.34 seconds
      cpu time            0.13 seconds
      
1          x 'chdir "C:\Apache\htdocs\casper2\Main\Examples\SAS\CDISC\prog\chapter03"'
1        !                                                                            ;
2          
3          *---------------------------------------------------------------*;
4          * AE.sas creates the SDTM AE dataset and saves it
5          * as permanent SAS datasets to the target libref.
6          *---------------------------------------------------------------*;
7          %include 'common.sas';
15         
16         %common
NOTE: Libref SOURCE was successfully assigned as follows: 
      Engine:        V9 
      Physical Name: C:\Apache\htdocs\casper2\Main\Examples\SAS\CDISC\prog\chapter03
NOTE: Libref LIBRARY refers to the same physical library as SOURCE.
NOTE: Libref LIBRARY was successfully assigned as follows: 
      Engine:        V9 
      Physical Name: C:\Apache\htdocs\casper2\Main\Examples\SAS\CDISC\prog\chapter03
NOTE: Libref TARGET was successfully assigned as follows: 
      Engine:        V9 
      Physical Name: C:\Apache\htdocs\casper2\Main\Examples\SAS\CDISC\sdtm
17         
18         **** CREATE EMPTY DM DATASET CALLED EMPTY_AE;
19         %include 'make_empty_dataset.sas';
101        
102        %make_empty_dataset(metadatafile=..\appendix_b\SDTM_METADATA.xlsx,dataset=AE)

NOTE: The import data set has 128 observations and 16 variables.
NOTE: WORK._TEMP data set was successfully created.
NOTE: PROCEDURE IMPORT used (Total process time):
      real time           0.01 seconds
      cpu time            0.01 seconds
      


NOTE: There were 15 observations read from the data set WORK._TEMP.
      WHERE domain='AE';
NOTE: The data set WORK._TEMP has 15 observations and 16 variables.
NOTE: PROCEDURE SORT used (Total process time):
      real time           0.00 seconds
      cpu time            0.00 seconds
      


2 The SAS System                                                                                                                                                                                                                  00:41 Monday, October 28, 2019

NOTE: There were 15 observations read from the data set WORK._TEMP.
NOTE: DATA statement used (Total process time):
      real time           0.01 seconds
      cpu time            0.01 seconds
      


NOTE: The data set WORK.EMPTY_AE has 0 observations and 15 variables.
NOTE: DATA statement used (Total process time):
      real time           0.00 seconds
      cpu time            0.00 seconds
      

103        
104        **** DERIVE THE MAJORITY OF SDTM AE VARIABLES;
105        options missing = ' ';
106        data ae;
107          set EMPTY_AE
108          source.adverse(rename=(aerel=_aerel aesev=_aesev));
NOTE: Data file SOURCE.ADVERSE.DATA is in a format that is native to another host, or the file encoding does not match the session encoding. Cross Environment Data Access will be used, which might require additional CPU resources and might reduce 
      performance.
109        
110            studyid = 'XYZ123';
111            domain = 'AE';
112            usubjid = left(uniqueid);
113            aeterm = left(aetext);
114            aedecod = left(prefterm);
115            aebodsys = left(bodysys);
116            aesev = put(_aesev,aesev_adverse_aesev.);
                                  ____________________
                                  48
ERROR: File LIBRARY.FORMATS.CATALOG was created for a different operating system.
ERROR 48-59: The format AESEV_ADVERSE_AESEV was not found or could not be loaded.

117            aeacn = put(aeaction,acn_adverse_aeaction.);
                                    _____________________
                                    48
ERROR: File LIBRARY.FORMATS.CATALOG was created for a different operating system.
ERROR 48-59: The format ACN_ADVERSE_AEACTION was not found or could not be loaded.

118            aerel = put(_aerel,aerel_adverse_aerel.);
                                  ____________________
                                  48
ERROR: File LIBRARY.FORMATS.CATALOG was created for a different operating system.
ERROR 48-59: The format AEREL_ADVERSE_AEREL was not found or could not be loaded.

119            aeser = put(serious,$ny_adverse_serious.);
                                   ____________________
                                   48
ERROR: File LIBRARY.FORMATS.CATALOG was created for a different operating system.
ERROR 48-59: The format $NY_ADVERSE_SERIOUS was not found or could not be loaded.

120            aestdtc = put(aestart,yymmdd10.);
121            aeendtc = put(aeend,yymmdd10.);
122        run;

NOTE: The SAS System stopped processing this step because of errors.
NOTE: SAS set option OBS=0 and will continue to check statements. This might cause NOTE: No observations in data set.
WARNING: The data set WORK.AE may be incomplete.  When this step was stopped there were 0 observations and 26 variables.
NOTE: DATA statement used (Total process time):
      real time           0.01 seconds
      cpu time            0.01 seconds
      

123        
124        proc sort
3 The SAS System                                                                                                                                                                                                                  00:41 Monday, October 28, 2019

125          data=ae;
126            by usubjid;
127        run;

NOTE: PROCEDURE SORT used (Total process time):
      real time           0.00 seconds
      cpu time            0.00 seconds
      

128        
129        **** CREATE SDTM STUDYDAY VARIABLES;
130        %include 'make_sdtm_dy.sas';
158        
159        
160        data ae;
161          merge ae(in=inae) target.dm(keep=usubjid rfstdtc);
NOTE: Data file TARGET.DM.DATA is in a format that is native to another host, or the file encoding does not match the session encoding. Cross Environment Data Access will be used, which might require additional CPU resources and might reduce performance.
162            by usubjid;
163        
164            if inae;
165        
166            %make_sdtm_dy(date=aestdtc);
167            %make_sdtm_dy(date=aeendtc);
168        run;

NOTE: The data set WORK.AE has 0 observations and 27 variables.
WARNING: Data set WORK.AE was not replaced because this step was stopped.
NOTE: DATA statement used (Total process time):
      real time           0.01 seconds
      cpu time            0.00 seconds
      

169        
170        **** CREATE SEQ VARIABLE;
171        proc sort
172          data=ae;
173            by studyid usubjid aedecod aestdtc aeendtc;
174        run;

NOTE: PROCEDURE SORT used (Total process time):
      real time           0.00 seconds
      cpu time            0.00 seconds
      

175        
176        data ae;
177          retain &AEKEEPSTRING;
178          set ae(drop=aeseq);
179            by studyid usubjid aedecod aestdtc aeendtc;
180        
181            if not (first.aeendtc and last.aeendtc) then
182              put "WARN" "ING: key variables do not define an unique record. " usubjid=;
183        
184            retain aeseq;
185            if first.usubjid then
186              aeseq = 1;
187            else
188              aeseq = aeseq + 1;
189        		
190            label aeseq = "Sequence Number";
191        run;

NOTE: The data set WORK.AE has 0 observations and 26 variables.
WARNING: Data set WORK.AE was not replaced because this step was stopped.
NOTE: DATA statement used (Total process time):
      real time           0.00 seconds
4 The SAS System                                                                                                                                                                                                                  00:41 Monday, October 28, 2019

      cpu time            0.00 seconds
      

192        
193        
194        **** SORT AE ACCORDING TO METADATA AND SAVE PERMANENT DATASET;
195        %include 'make_sort_order.sas';
227        
228        %make_sort_order(metadatafile=..\appendix_b\SDTM_METADATA.xlsx,dataset=AE)
NOTE: PROCEDURE IMPORT used (Total process time):
      real time           0.00 seconds
      cpu time            0.00 seconds
      
NOTE: The SAS System stopped processing this step because of errors.


ERROR: Variable name is not on file WORK._TEMP.

NOTE: Numeric values have been converted to character values at the places given by: (Line):(Column).
      228:166   
NOTE: The SAS System stopped processing this step because of errors.
NOTE: DATA statement used (Total process time):
      real time           0.00 seconds
      cpu time            0.00 seconds
      

229        
230        proc sort
231          data=ae(keep = &AEKEEPSTRING)
232          out=target.ae;
ERROR: File TARGET.AE.DATA is not a SAS data set.
233            by &AESORTSTRING;
234        run;

NOTE: The SAS System stopped processing this step because of errors.
NOTE: PROCEDURE SORT used (Total process time):
      real time           0.00 seconds
      cpu time            0.00 seconds
      

ERROR: Errors printed on pages 2,4.

NOTE: SAS Institute Inc., SAS Campus Drive, Cary, NC USA 27513-2414
NOTE: The SAS System used:
      real time           0.51 seconds
      cpu time            0.21 seconds
      
