1                                                     The SAS System                        23:02 Wednesday, June 17, 2020

NOTE: Copyright (c) 2002-2012 by SAS Institute Inc., Cary, NC, USA. 
NOTE: SAS (r) Proprietary Software 9.4 (TS1M2 MBCS3170) 
      Licensed to MICHIGAN STATE UNIVERSITY-T&R-SFA, Site 70082953.
NOTE: This session is executing on the X64_8HOME  platform.



NOTE: Updated analytical products:
      
      SAS/STAT 13.2
      SAS/ETS 13.2
      SAS/OR 13.2
      SAS/IML 13.2
      SAS/QC 13.2

NOTE: Additional host information:

 X64_8HOME WIN 6.2.9200  Workstation

NOTE: SAS initialization used:
      real time           2.40 seconds
      cpu time            0.18 seconds
      
1          x 'chdir "C:\Apache\htdocs\casper2\Main\Examples\SAS\Input"'
1        !                                                             ;
2          
3          /*
4              Do not run this script directly, as it requires
5              macro variables parm1,parm2,parm3, run input.par instead.
6          */
7          
8          %let l = &parm1;
WARNING: Apparent symbolic reference PARM1 not resolved.
9          %let h = &parm2;
WARNING: Apparent symbolic reference PARM2 not resolved.
10         %let b = &parm3;
WARNING: Apparent symbolic reference PARM3 not resolved.
11         
12         data volume;
WARNING: Apparent symbolic reference PARM1 not resolved.
13             v = &l*&h*&b;
NOTE: Line generated by the macro variable "L".
13          &parm1
            _
            22
WARNING: Apparent symbolic reference PARM2 not resolved.
WARNING: Apparent symbolic reference PARM2 not resolved.
NOTE 138-205: Line generated by the macro variable "H".
13         *&parm2
            _
            22
ERROR 22-322: Syntax error, expecting one of the following: a name, a quoted string, a numeric constant, 
              a datetime constant, a missing value, INPUT, PUT.  

WARNING: Apparent symbolic reference PARM3 not resolved.
NOTE 138-205: Line generated by the macro variable "B".
13         *&parm3
            _
            22
ERROR 22-322: Syntax error, expecting one of the following: a name, a quoted string, a numeric constant, 
              a datetime constant, a missing value, INPUT, PUT.  

14         	output;
15         run;

NOTE: The SAS System stopped processing this step because of errors.
2                                                     The SAS System                        23:02 Wednesday, June 17, 2020

NOTE: SAS set option OBS=0 and will continue to check statements. This might cause NOTE: No observations in data set.
WARNING: The data set WORK.VOLUME may be incomplete.  When this step was stopped there were 0 observations and 4 
         variables.
NOTE: DATA statement used (Total process time):
      real time           0.23 seconds
      cpu time            0.01 seconds
      

16         
17         proc print data=volume;
18         run;

NOTE: PROCEDURE PRINT used (Total process time):
      real time           0.54 seconds
      cpu time            0.00 seconds
      

ERROR: Errors printed on page 1.

NOTE: SAS Institute Inc., SAS Campus Drive, Cary, NC USA 27513-2414
NOTE: The SAS System used:
      real time           3.53 seconds
      cpu time            0.20 seconds
      
