1                                                     The SAS System                        07:52 Sunday, October 14, 2018

NOTE: Copyright (c) 2002-2012 by SAS Institute Inc., Cary, NC, USA. 
NOTE: SAS (r) Proprietary Software 9.4 (TS1M2 MBCS3170) 
      Licensed to NATIONAL PINGTUNG UNI OF SCIENCE&TECH, Site 12001462.
NOTE: This session is executing on the X64_8HOME  platform.



NOTE: Updated analytical products:
      
      SAS/STAT 13.2
      SAS/ETS 13.2
      SAS/OR 13.2
      SAS/IML 13.2
      SAS/QC 13.2

NOTE: Additional host information:

 X64_8HOME WIN 6.2.9200  Workstation

NOTE: SAS initialization used:
      real time           3.32 seconds
      cpu time            0.21 seconds
      
1          x 'chdir "C:\Apache\htdocs\casper2\home\Examples\SAS\CDISC\prog\appendix_a"'
1        !                                                                             ;
2          
3          **** %common defines common librefs and SAS options.;
4          %macro common;
5          	libname source  ".";
6          	libname library ".";
7          	libname target  "..\..\sdtm";
8          	options ls=256 nocenter;
9          %mend common;

NOTE: SAS Institute Inc., SAS Campus Drive, Cary, NC USA 27513-2414
NOTE: The SAS System used:
      real time           3.42 seconds
      cpu time            0.23 seconds
      
