1                                                     The SAS System                    17:39 Saturday, September 12, 2020

NOTE: Copyright (c) 2002-2012 by SAS Institute Inc., Cary, NC, USA. 
NOTE: SAS (r) Proprietary Software 9.4 (TS1M2 MBCS3170) 
      Licensed to MICHIGAN STATE UNIVERSITY-T&R-SFA, Site 70082953.
NOTE: This session is executing on the X64_8HOME  platform.



NOTE: Updated analytical products:
      
      SAS/STAT 13.2
      SAS/ETS 13.2
      SAS/OR 13.2
      SAS/IML 13.2
      SAS/QC 13.2

NOTE: Additional host information:

 X64_8HOME WIN 6.2.9200  Workstation

NOTE: SAS initialization used:
      real time           1.48 seconds
      cpu time            0.20 seconds
      
1          x 'chdir "C:\Apache\htdocs\casper2\Main\Examples\SAS\CDISC\prog\appendix_a"'
1        !                                                                             ;
2          
3          **** define common SAS setings;
4          %include 'common.sas';
12         
13         %common
NOTE: Libref SOURCE was successfully assigned as follows: 
      Engine:        V9 
      Physical Name: C:\Apache\htdocs\casper2\Main\Examples\SAS\CDISC\prog\appendix_a
NOTE: Libref LIBRARY refers to the same physical library as SOURCE.
NOTE: Libref LIBRARY was successfully assigned as follows: 
      Engine:        V9 
      Physical Name: C:\Apache\htdocs\casper2\Main\Examples\SAS\CDISC\prog\appendix_a
NOTE: Libref TARGET was successfully assigned as follows: 
      Engine:        V9 
      Physical Name: C:\Apache\htdocs\casper2\Main\Examples\SAS\CDISC\sdtm
14         
15         proc format;
16            value trt
17               1 = "Active"
18               0 = "Placebo";
NOTE: Format TRT has been output.
19            value gender
20               1 = "Male"
21               2 = "Female";
NOTE: Format GENDER has been output.
22            value race
23               1 = "White"
24               2 = "Black"
25               3 = "Other";
NOTE: Format RACE has been output.
26         run;

NOTE: PROCEDURE FORMAT used (Total process time):
      real time           0.14 seconds
      cpu time            0.00 seconds
      

27         
28         **** INPUT SAMPLE DEMOGRAPHICS DATA;
29         data source.demographic;
30         label subject  = "Subject Number"
2 The SAS System                                                                                                                                                                                                              17:39 Saturday, September 12, 2020

31               trt      = "Treatment"
32               gender   = "Gender"
33               race     = "Race"
34               orace    = "Oher Race Specify"
35               dob      = "Date of Birth"
36               uniqueid = "Company Wide Subject ID"
37               randdt   = "Randomization Date";
38         input subject 1-3 trt 5 gender 7 race 9 orace $ 11-20 +1 dob mmddyy10. +1 randdt mmddyy10.;
39         uniqueid = 'UNI' || put(subject,3.);
40         format dob randdt mmddyy10.;
41         datalines;

ERROR: File SOURCE.DEMOGRAPHIC.DATA is not a SAS data set.
NOTE: The SAS System stopped processing this step because of errors.
NOTE: SAS set option OBS=0 and will continue to check statements. This might cause NOTE: No observations in data set.
NOTE: DATA statement used (Total process time):
      real time           0.17 seconds
      cpu time            0.00 seconds
      
102        ;


103        run;

ERROR: Errors printed on page 2.

NOTE: SAS Institute Inc., SAS Campus Drive, Cary, NC USA 27513-2414
NOTE: The SAS System used:
      real time           2.09 seconds
      cpu time            0.20 seconds
      
