1                                                     The SAS System                           20:43 Tuesday, May 26, 2020

NOTE: Copyright (c) 2002-2012 by SAS Institute Inc., Cary, NC, USA. 
NOTE: SAS (r) Proprietary Software 9.4 (TS1M2 MBCS3170) 
      Licensed to MICHIGAN STATE UNIVERSITY-T&R-SFA, Site 70082953.
NOTE: This session is executing on the X64_8HOME  platform.



NOTE: Updated analytical products:
      
      SAS/STAT 13.2
      SAS/ETS 13.2
      SAS/OR 13.2
      SAS/IML 13.2
      SAS/QC 13.2

NOTE: Additional host information:

 X64_8HOME WIN 6.2.9200  Workstation

NOTE: SAS initialization used:
      real time           0.38 seconds
      cpu time            0.20 seconds
      
1          x 'chdir "C:\Apache\htdocs\casper2\Main\Examples\SAS\CDISC\prog\appendix_a"'
1        !                                                                             ;
2          
3          **** define common SAS setings;
4          %include 'common.sas';
12         
13         %common
NOTE: Libref SOURCE was successfully assigned as follows: 
      Engine:        V9 
      Physical Name: C:\Apache\htdocs\casper2\Main\Examples\SAS\CDISC\prog\appendix_a
NOTE: Libref LIBRARY refers to the same physical library as SOURCE.
NOTE: Libref LIBRARY was successfully assigned as follows: 
      Engine:        V9 
      Physical Name: C:\Apache\htdocs\casper2\Main\Examples\SAS\CDISC\prog\appendix_a
NOTE: Libref TARGET was successfully assigned as follows: 
      Engine:        V9 
      Physical Name: C:\Apache\htdocs\casper2\Main\Examples\SAS\CDISC\sdtm
14         
15         **** INPUT SAMPLE DOSING DATA;
16         data source.dosing;
17         label subject  = "Subject Number"
18               startdt  = "Dosing start date"
19               enddt    = "Dosing end date"
20               dailydose= "Daily dose taken (pills)"
21               uniqueid = "Company Wide Subject ID"
22               startmm  = "Month of Start Dose"
23               startdd  = "Day of Start Dose"
24               startyy  = "Year of Start Dose"
25               endmm    = "Month of End Dose"
26               enddd    = "Day of End Dose"
27               endyy    = "Year of End Dose";
28         input subject 1-3 startmm 5-6 startdd 8-9 startyy 11-14
29               endmm 16-17 enddd 19-20 endyy 22-25 dailydose 27;
30         uniqueid = 'UNI' || put(subject,3.);
31         startdt = mdy(startmm, startdd , startyy);
32         enddt = mdy(endmm, enddd, endyy);
33         format startdt enddt mmddyy10.;
34         datalines;

NOTE: Missing values were generated as a result of performing an operation on missing values.
      Each place is given by: (Number of times) at (Line):(Column).
      1 at 31:11   1 at 32:9    
NOTE: The data set SOURCE.DOSING has 84 observations and 11 variables.
2 The SAS System                                                                                                                                                                                                                     20:43 Tuesday, May 26, 2020

NOTE: DATA statement used (Total process time):
      real time           0.12 seconds
      cpu time            0.01 seconds
      

119        ;
120        run;
121        
122        proc contents;
123        run;

NOTE: PROCEDURE CONTENTS used (Total process time):
      real time           0.34 seconds
      cpu time            0.04 seconds
      
NOTE: The PROCEDURE CONTENTS printed page 1.

NOTE: SAS Institute Inc., SAS Campus Drive, Cary, NC USA 27513-2414
NOTE: The SAS System used:
      real time           1.06 seconds
      cpu time            0.28 seconds
      
