1                                                     The SAS System                        12:40 Monday, February 4, 2019

NOTE: Copyright (c) 2002-2012 by SAS Institute Inc., Cary, NC, USA. 
NOTE: SAS (r) Proprietary Software 9.4 (TS1M2 MBCS3170) 
      Licensed to NATIONAL PINGTUNG UNI OF SCIENCE&TECH, Site 12001462.
NOTE: This session is executing on the X64_8HOME  platform.



NOTE: Updated analytical products:
      
      SAS/STAT 13.2
      SAS/ETS 13.2
      SAS/OR 13.2
      SAS/IML 13.2
      SAS/QC 13.2

NOTE: Additional host information:

 X64_8HOME WIN 6.2.9200  Workstation

NOTE: SAS initialization used:
      real time           0.29 seconds
      cpu time            0.12 seconds
      
1          x 'chdir "C:\Apache\htdocs\casper2\Main\Examples\SAS\CDISC\prog\appendix_a"'
1        !                                                                             ;
2          
3          **** define common SAS setings;
4          %include 'common.sas';
12         
13         %common
NOTE: Libref SOURCE was successfully assigned as follows: 
      Engine:        V9 
      Physical Name: C:\Apache\htdocs\casper2\Main\Examples\SAS\CDISC\prog\appendix_a
NOTE: Libref LIBRARY refers to the same physical library as SOURCE.
NOTE: Libref LIBRARY was successfully assigned as follows: 
      Engine:        V9 
      Physical Name: C:\Apache\htdocs\casper2\Main\Examples\SAS\CDISC\prog\appendix_a
NOTE: Libref TARGET was successfully assigned as follows: 
      Engine:        V9 
      Physical Name: C:\Apache\htdocs\casper2\Main\Examples\SAS\CDISC\sdtm
14         
15         **** INPUT SAMPLE LABORATORY DATA;
16         data source.labs;
17         label subject      = "Subject Number"
18               month        = "Month: 0=baseline, 1=3 months, 2 =6 months"
19               labcat       = "Category for Lab Test"
20               labtest      = "Laboratory Test"
21               colunits     = "Collected Units"
22               nresult      = "Numeric Result"
23               lownorm      = "Normal Range Lower Limit"
24               highnorm     = "Normal Range Upper Limit"
25               labdate      = "Date of Lab Test"
26               uniqueid = "Company Wide Subject ID";
27         format labdate mmddyy10.;
28         input subject 1-3 month 6 labcat $ 9-18 labtest $ 20-30
29               colunits $ 32-36 nresult 38-41 lownorm 45-48 highnorm 52-55 +1 labdate mmddyy10.;
30         uniqueid = 'UNI' || put(subject,3.);
31         datalines;

NOTE: The data set SOURCE.LABS has 300 observations and 10 variables.
NOTE: DATA statement used (Total process time):
      real time           0.01 seconds
      cpu time            0.01 seconds
      

332        ;
2 The SAS System                                                                                                                                                                                                                  12:40 Monday, February 4, 2019

333        run;

NOTE: SAS Institute Inc., SAS Campus Drive, Cary, NC USA 27513-2414
NOTE: The SAS System used:
      real time           0.36 seconds
      cpu time            0.15 seconds
      
