1                                                     The SAS System                        12:40 Monday, February 4, 2019

NOTE: Copyright (c) 2002-2012 by SAS Institute Inc., Cary, NC, USA. 
NOTE: SAS (r) Proprietary Software 9.4 (TS1M2 MBCS3170) 
      Licensed to NATIONAL PINGTUNG UNI OF SCIENCE&TECH, Site 12001462.
NOTE: This session is executing on the X64_8HOME  platform.



NOTE: Updated analytical products:
      
      SAS/STAT 13.2
      SAS/ETS 13.2
      SAS/OR 13.2
      SAS/IML 13.2
      SAS/QC 13.2

NOTE: Additional host information:

 X64_8HOME WIN 6.2.9200  Workstation

NOTE: SAS initialization used:
      real time           0.31 seconds
      cpu time            0.17 seconds
      
1          x 'chdir "C:\Apache\htdocs\casper2\Main\Examples\SAS\CDISC\prog\appendix_a"'
1        !                                                                             ;
2          
3          **** define common SAS setings;
4          %include 'common.sas';
12         
13         %common
NOTE: Libref SOURCE was successfully assigned as follows: 
      Engine:        V9 
      Physical Name: C:\Apache\htdocs\casper2\Main\Examples\SAS\CDISC\prog\appendix_a
NOTE: Libref LIBRARY refers to the same physical library as SOURCE.
NOTE: Libref LIBRARY was successfully assigned as follows: 
      Engine:        V9 
      Physical Name: C:\Apache\htdocs\casper2\Main\Examples\SAS\CDISC\prog\appendix_a
NOTE: Libref TARGET was successfully assigned as follows: 
      Engine:        V9 
      Physical Name: C:\Apache\htdocs\casper2\Main\Examples\SAS\CDISC\sdtm
14         
15         
16         **** INPUT SAMPLE EFFICACY PAIN DATA;
17         data source.pain;
18         label subject  = "Subject Number"
19               randomizedt = "Baseline visit date"
20               month3dt    = "Month 3 visit date"
21               month6dt    = "Month 6 visit date"
22               painbase    = "Pain score at baseline: 0=none, 1=mild, 2=moderate, 3=severe"
23               pain3mo     = "Pain score at 3 months: 0=none, 1=mild, 2=moderate, 3=severe"
24               pain6mo     = "Pain score at 6 months: 0=none, 1=mild, 2=moderate, 3=severe"
25               uniqueid = "Company Wide Subject ID";
26         input subject randomizedt mmddyy10. +1 month3dt mmddyy10. +1 month6dt mmddyy10. painbase pain3mo pain6mo;
27         uniqueid = 'UNI' || put(subject,3.);
28         format randomizedt month3dt month6dt mmddyy10.;
29         datalines;

NOTE: The data set SOURCE.PAIN has 60 observations and 8 variables.
NOTE: DATA statement used (Total process time):
      real time           0.00 seconds
      cpu time            0.00 seconds
      

90         ;
91         run;

2 The SAS System                                                                                                                                                                                                                  12:40 Monday, February 4, 2019

NOTE: SAS Institute Inc., SAS Campus Drive, Cary, NC USA 27513-2414
NOTE: The SAS System used:
      real time           0.34 seconds
      cpu time            0.18 seconds
      
