.attr.bacon.txt
.attr.simple.py
.HellowWorld1.r
.sharefolder
.simply2a1.py
.simply2a111.py
.test2a1.sas
.test2c.sas
.walk.py
bacon.txt
HellowWorld.out
HellowWorld1.out
python_input2.py
py_input.out
simple.out
simple.py
simple2.out
simple2.py
simple2.txt
simple3.err
simple3.out
simple3.py
simply2a1.err
simply2a11.err
simply2a111.out
simply2b1.out
test1.py
test2a1.log
test2c.sas
test3.pl
test4c.out
walk.err
walk.out
walk.py
first.log
first.lst
first.sas
HelloWorld.out
HelloWorld.r
py_input.err
py_input.out
py_input.par
py_input1.py
Simple.err
Simple.out
Simple.py
test1.sas
.first.sas
.first2.sas
first.log
first.lst
first.sas
first3.log
first3.lst
first3.sas
first32.log
first32.lst
first33.log
first33.lst
first33.sas
test2.sas
test2a1.log
test2a1.sas
.simple2.py
.test2b1.sas
.test4c.r
bacon.txt
simple2.py
simple2b.py
simple3.out
simple3.py
simple3a.err
simple3a.py
simply2a111.out
simply2b111.py
test2b.log
test2b1.sas
test4.out
test4c.r
HellowWorld.r
HellowWorld1.out
hw2.out
hw2.r
