1                                         The SAS System              22:58 Sunday, April 17, 2016

NOTE: Copyright (c) 2002-2012 by SAS Institute Inc., Cary, NC, USA. 
NOTE: SAS (r) Proprietary Software 9.4 (TS1M1) 
      Licensed to UNIVERSITY OF BIRMINGHAM, Site 51200421.
NOTE: This session is executing on the W32_8HOME  platform.



NOTE: Updated analytical products:
      
      SAS/STAT 13.1
      SAS/ETS 13.1
      SAS/OR 13.1
      SAS/IML 13.1
      SAS/QC 13.1

NOTE: Additional host information:

 W32_8HOME WIN 6.2.9200  Workstation

NOTE: SAS initialization used:
      real time           0.23 seconds
      cpu time            0.09 seconds
      
1          x 'chdir "C:\Apache\htdocs\casper2\home\Users\admin"'
1        !                                                      ;
2          
3          options mprint symbolgen;
4          
5          data test;
6              input id year;
7          cards;

NOTE: The data set WORK.TEST has 6 observations and 2 variables.
NOTE: DATA statement used (Total process time):
      real time           0.00 seconds
      cpu time            0.00 seconds
      

14         ;
15         run;
16         
17         proc sort data=test out=test;
18             by id year;
19         run;

NOTE: There were 6 observations read from the data set WORK.TEST.
NOTE: The data set WORK.TEST has 6 observations and 2 variables.
NOTE: PROCEDURE SORT used (Total process time):
      real time           0.00 seconds
      cpu time            0.00 seconds
      

20         
2                                         The SAS System              22:58 Sunday, April 17, 2016

21         proc print; run;

NOTE: There were 6 observations read from the data set WORK.TEST.
NOTE: The PROCEDURE PRINT printed page 1.
NOTE: PROCEDURE PRINT used (Total process time):
      real time           0.01 seconds
      cpu time            0.01 seconds
      

22         
23         proc sql;
24             create table test1 as
25             select id, min(year) as ymin, max(year) as ymax from test
26             group by id
27             order by id;
NOTE: Table WORK.TEST1 created, with 2 rows and 3 columns.

28         quit;
NOTE: PROCEDURE SQL used (Total process time):
      real time           0.01 seconds
      cpu time            0.01 seconds
      

29         
30         data test2;
31             set test1;
32             year = ymin;
33             do while(year ge ymin and year le ymax);
34                  output;
35                  year + 1;
36             end;
37         run;

NOTE: There were 2 observations read from the data set WORK.TEST1.
NOTE: The data set WORK.TEST2 has 11 observations and 4 variables.
NOTE: DATA statement used (Total process time):
      real time           0.01 seconds
      cpu time            0.01 seconds
      

38         
39         proc print; run;

NOTE: There were 11 observations read from the data set WORK.TEST2.
NOTE: The PROCEDURE PRINT printed page 2.
NOTE: PROCEDURE PRINT used (Total process time):
      real time           0.00 seconds
      cpu time            0.00 seconds
      

40         

NOTE: SAS Institute Inc., SAS Campus Drive, Cary, NC USA 27513-2414
3                                         The SAS System              22:58 Sunday, April 17, 2016

NOTE: The SAS System used:
      real time           0.32 seconds
      cpu time            0.15 seconds
      
