1                                                     The SAS System                         19:32 Saturday, June 25, 2016

NOTE: Unable to open SASUSER.PROFILE. WORK.PROFILE will be opened instead.
NOTE: All profile changes will be lost at the end of the session.
NOTE: Copyright (c) 2002-2012 by SAS Institute Inc., Cary, NC, USA. 
NOTE: SAS (r) Proprietary Software 9.4 (TS1M2 MBCS3170) 
      Licensed to NATIONAL PINGTUNG UNIV OF SCIENCE & TECHNOLOGY, Site 12001462.
NOTE: This session is executing on the X64_8HOME  platform.



NOTE: Updated analytical products:
      
      SAS/STAT 13.2
      SAS/ETS 13.2
      SAS/OR 13.2
      SAS/IML 13.2
      SAS/QC 13.2

NOTE: Additional host information:

 X64_8HOME WIN 6.2.9200  Workstation

NOTE: SAS initialization used:
      real time           0.17 seconds
      cpu time            0.10 seconds
      
1          x 'chdir "C:\Apache\htdocs\casper2\home\Users\admin"'
1        !                                                      ;
2          
3          /*******************************************************************\
4          | Copyright (C) 2012 by SAS Institute Inc., Cary, NC, USA.          |
5          |                                                                   |
6          | SAS (R) is a registered trademark of SAS Institute Inc.           |
7          |                                                                   |
8          | This program sets up practice data for some of the examples       |
9          | in the Certification Prep Guide: Base Programming for SAS 9.      |
10         |                                                                   |
11         | Last updated: July 8, 2015                                        |
12         \*******************************************************************/
13         
14         
15         
16         
17         options nosource nonotes nocardimage validvarname=V7 replace;
WARNING: SASUSER.TEMPLAT is not a template store! It will be ignored.
 
 Sample data sets and files are ready.
 

NOTE: SAS Institute Inc., SAS Campus Drive, Cary, NC USA 27513-2414
NOTE: The SAS System used:
      real time           3.15 seconds
      cpu time            0.70 seconds
      
