1                                         The SAS System          11:45 Tuesday, November 17, 2015

NOTE: Copyright (c) 2002-2012 by SAS Institute Inc., Cary, NC, USA. 
NOTE: SAS (r) Proprietary Software 9.4 (TS1M1) 
      Licensed to UNIVERSITY OF BIRMINGHAM, Site 51200421.
NOTE: This session is executing on the W32_8HOME  platform.



NOTE: Updated analytical products:
      
      SAS/STAT 13.1
      SAS/ETS 13.1
      SAS/OR 13.1
      SAS/IML 13.1
      SAS/QC 13.1

NOTE: Additional host information:

 W32_8HOME WIN 6.2.9200  Workstation

NOTE: SAS initialization used:
      real time           0.25 seconds
      cpu time            0.06 seconds
      
1          data gss;
2            input absingle abhlth abpoor count;
3            sum = absingle + abhlth + abpoor;
4            datalines;

NOTE: The data set WORK.GSS has 8 observations and 5 variables.
NOTE: DATA statement used (Total process time):
      real time           0.00 seconds
      cpu time            0.00 seconds
      

13         ;
14         run;
15         
16         proc genmod data=gss; class sum;
17           model count = sum / dist=poisson link=log; * symmetry;
18         run;

NOTE: Algorithm converged.
NOTE: The scale parameter was held fixed.
NOTE: The PROCEDURE GENMOD printed page 1.
NOTE: PROCEDURE GENMOD used (Total process time):
      real time           0.01 seconds
      cpu time            0.01 seconds
      

19         
20         proc genmod data=gss; class sum;
21           model count = sum absingle abhlth abpoor / dist=poisson link=log
22           obstats; * quasi-symmetry;
2                                         The SAS System          11:45 Tuesday, November 17, 2015

23         run;

NOTE: Algorithm converged.
NOTE: The scale parameter was held fixed.
NOTE: The PROCEDURE GENMOD printed pages 2-4.
NOTE: PROCEDURE GENMOD used (Total process time):
      real time           0.00 seconds
      cpu time            0.00 seconds
      

NOTE: SAS Institute Inc., SAS Campus Drive, Cary, NC USA 27513-2414
NOTE: The SAS System used:
      real time           0.34 seconds
      cpu time            0.10 seconds
      
