1                                                     The SAS System                         20:13 Thursday, June 30, 2016

NOTE: Copyright (c) 2002-2012 by SAS Institute Inc., Cary, NC, USA. 
NOTE: SAS (r) Proprietary Software 9.4 (TS1M2 MBCS3170) 
      Licensed to NATIONAL PINGTUNG UNIV OF SCIENCE & TECHNOLOGY, Site 12001462.
NOTE: This session is executing on the X64_8HOME  platform.



NOTE: Updated analytical products:
      
      SAS/STAT 13.2
      SAS/ETS 13.2
      SAS/OR 13.2
      SAS/IML 13.2
      SAS/QC 13.2

NOTE: Additional host information:

 X64_8HOME WIN 6.2.9200  Workstation

NOTE: SAS initialization used:
      real time           1.50 seconds
      cpu time            0.07 seconds
      
1          x 'chdir "C:\Apache\htdocs\casper2\home\Examples\SAS\SASStat"'
1        !                                                               ;
2          
3          data kerryobama;
4            input case occasion response count;
5            datalines;

NOTE: The data set WORK.KERRYOBAMA has 8 observations and 4 variables.
NOTE: DATA statement used (Total process time):
      real time           0.14 seconds
      cpu time            0.00 seconds
      

14         ;
15         run;
16         
17         proc nlmixed data=kerryobama qpoints=1000;
18           eta = alpha + beta*occasion + u;
19           p = exp(eta)/(1 + exp(eta));
20           model response ~ binary(p);
21           random u ~ normal(0, sigma*sigma) subject = case;
22           replicate count;
23         run;

NOTE: To assign starting values to parameters, use the PARMS statement. The default starting value of 1.0 is in effect 
      for all parameters.
NOTE: Only 940 out of 1000 quadrature points are used because the extreme weights are below machine tolerance.
NOTE: Convergence criterion (GCONV=1E-8) satisfied.
NOTE: The PROCEDURE NLMIXED printed pages 1-2.
NOTE: PROCEDURE NLMIXED used (Total process time):
      real time           1.34 seconds
      cpu time            0.24 seconds
      

NOTE: SAS Institute Inc., SAS Campus Drive, Cary, NC USA 27513-2414
NOTE: The SAS System used:
      real time           3.25 seconds
      cpu time            0.35 seconds
      
