1                                                     The SAS System                        07:36 Tuesday, October 8, 2019

NOTE: Copyright (c) 2002-2012 by SAS Institute Inc., Cary, NC, USA. 
NOTE: SAS (r) Proprietary Software 9.4 (TS1M2 MBCS3170) 
      Licensed to NATIONAL PINGTUNG UNI OF SCIENCE&TECH, Site 12001462.
NOTE: This session is executing on the X64_8HOME  platform.



NOTE: Updated analytical products:
      
      SAS/STAT 13.2
      SAS/ETS 13.2
      SAS/OR 13.2
      SAS/IML 13.2
      SAS/QC 13.2

NOTE: Additional host information:

 X64_8HOME WIN 6.2.9200  Workstation

NOTE: SAS initialization used:
      real time           0.53 seconds
      cpu time            0.17 seconds
      
1          x 'chdir "C:\Apache\htdocs\casper2\Main\Examples\SAS\SASStat"'
1        !                                                               ;
2          
3          data fisher;
4            input poured guess count @@;
5            datalines;

NOTE: SAS went to a new line when INPUT statement reached past the end of a line.
NOTE: The data set WORK.FISHER has 4 observations and 3 variables.
NOTE: DATA statement used (Total process time):
      real time           0.01 seconds
      cpu time            0.00 seconds
      

7          ;
8          run;
9          
10         proc freq; weight count;
11           tables poured*guess / measures riskdiff;
12           exact fisher or / alpha=.05;
13         run;

NOTE: PROC FREQ computes exact p-values instead of Monte Carlo estimates for Fisher's exact test for 2x2 tables.
NOTE: There were 4 observations read from the data set WORK.FISHER.
NOTE: The PROCEDURE FREQ printed pages 1-3.
NOTE: PROCEDURE FREQ used (Total process time):
      real time           0.09 seconds
      cpu time            0.04 seconds
      

14         
15         proc logistic descending; freq count;
16           model guess = poured / clodds=pl;
17         run;

NOTE: PROC LOGISTIC is modeling the probability that guess=2.
NOTE: Convergence criterion (GCONV=1E-8) satisfied.
NOTE: There were 4 observations read from the data set WORK.FISHER.
NOTE: The PROCEDURE LOGISTIC printed pages 4-5.
NOTE: PROCEDURE LOGISTIC used (Total process time):
      real time           0.03 seconds
      cpu time            0.00 seconds
      
2                                                     The SAS System                        07:36 Tuesday, October 8, 2019


NOTE: SAS Institute Inc., SAS Campus Drive, Cary, NC USA 27513-2414
NOTE: The SAS System used:
      real time           0.81 seconds
      cpu time            0.26 seconds
      
