1                                                     The SAS System                         20:46 Tuesday, April 25, 2023

NOTE: Copyright (c) 2002-2012 by SAS Institute Inc., Cary, NC, USA. 
NOTE: SAS (r) Proprietary Software 9.4 (TS1M2 MBCS3170) 
      Licensed to YALE UNIVERSITY - SFA - T&R, Site 70083298.
NOTE: This session is executing on the X64_8HOME  platform.



NOTE: Updated analytical products:
      
      SAS/STAT 13.2
      SAS/ETS 13.2
      SAS/OR 13.2
      SAS/IML 13.2
      SAS/QC 13.2

NOTE: Additional host information:

 X64_8HOME WIN 6.2.9200  Workstation

NOTE: SAS initialization used:
      real time           0.35 seconds
      cpu time            0.17 seconds
      
1          x 'chdir "C:\Apache\htdocs\casper2\Main\Examples\SAS\SASStat"'
1        !                                                               ;
2          
3          data veg;
4            input response $ count;
5            datalines;

NOTE: The data set WORK.VEG has 2 observations and 2 variables.
NOTE: DATA statement used (Total process time):
      real time           0.00 seconds
      cpu time            0.01 seconds
      

8          run;
9          
10         proc freq data=veg; weight count;
11           tables response / binomial(ac wilson exact jeffreys) alpha=.05;
12         run;

NOTE: There were 2 observations read from the data set WORK.VEG.
NOTE: The PROCEDURE FREQ printed page 1.
NOTE: PROCEDURE FREQ used (Total process time):
      real time           0.04 seconds
      cpu time            0.04 seconds
      

NOTE: SAS Institute Inc., SAS Campus Drive, Cary, NC USA 27513-2414
NOTE: The SAS System used:
      real time           0.46 seconds
      cpu time            0.24 seconds
      
