                                          The SAS System      11:45 Tuesday, November 17, 2015   1

                                       The GENMOD Procedure

                                        Model Information

                                  Data Set              WORK.GSS
                                  Distribution           Poisson
                                  Link Function              Log
                                  Dependent Variable       count


                             Number of Observations Read           8
                             Number of Observations Used           8


                                     Class Level Information
 
                                  Class      Levels    Values

                                  sum             4    0 1 2 3 


                              Criteria For Assessing Goodness Of Fit
 
                 Criterion                     DF           Value        Value/DF

                 Deviance                       4        965.9366        241.4842
                 Scaled Deviance                4        965.9366        241.4842
                 Pearson Chi-Square             4        891.6318        222.9080
                 Scaled Pearson X2              4        891.6318        222.9080
                 Log Likelihood                         4970.9751                
                 Full Log Likelihood                    -504.1132                
                 AIC (smaller is better)                1016.2265                
                 AICC (smaller is better)               1029.5598                
                 BIC (smaller is better)                1016.5442                


           Algorithm converged.                                                       


                        Analysis Of Maximum Likelihood Parameter Estimates
 
                                     Standard     Wald 95% Confidence          Wald
 Parameter         DF    Estimate       Error           Limits           Chi-Square    Pr > ChiSq

 Intercept          1      6.1442      0.0463      6.0534      6.2350       17592.0        <.0001
 sum          0     1     -1.1538      0.0946     -1.3392     -0.9683        148.75        <.0001
 sum          1     1     -1.1860      0.0670     -1.3173     -1.0547        313.43        <.0001
 sum          2     1     -2.5154      0.1049     -2.7209     -2.3099        575.44        <.0001
 sum          3     0      0.0000      0.0000      0.0000      0.0000           .           .    
 Scale              0      1.0000      0.0000      1.0000      1.0000                            

NOTE: The scale parameter was held fixed.
                                          The SAS System      11:45 Tuesday, November 17, 2015   2

                                       The GENMOD Procedure

                                        Model Information

                                  Data Set              WORK.GSS
                                  Distribution           Poisson
                                  Link Function              Log
                                  Dependent Variable       count


                             Number of Observations Read           8
                             Number of Observations Used           8


                                     Class Level Information
 
                                  Class      Levels    Values

                                  sum             4    0 1 2 3 


                                      Parameter Information
 
                                 Parameter       Effect       sum

                                 Prm1            Intercept       
                                 Prm2            sum          0  
                                 Prm3            sum          1  
                                 Prm4            sum          2  
                                 Prm5            sum          3  
                                 Prm6            absingle        
                                 Prm7            abhlth          
                                 Prm8            abpoor          


                              Criteria For Assessing Goodness Of Fit
 
                 Criterion                     DF           Value        Value/DF

                 Deviance                       2          8.2990          4.1495
                 Scaled Deviance                2          8.2990          4.1495
                 Pearson Chi-Square             2         17.8168          8.9084
                 Scaled Pearson X2              2         17.8168          8.9084
                 Log Likelihood                         5449.7939                
                 Full Log Likelihood                     -25.2944                
                 AIC (smaller is better)                  62.5888                
                 AICC (smaller is better)                146.5888                
                 BIC (smaller is better)                  63.0654                


           Algorithm converged.                                                       
                                          The SAS System      11:45 Tuesday, November 17, 2015   3

                                       The GENMOD Procedure

                        Analysis Of Maximum Likelihood Parameter Estimates
 
                                     Standard     Wald 95% Confidence          Wald
 Parameter         DF    Estimate       Error           Limits           Chi-Square    Pr > ChiSq

 Intercept          1      2.1338      0.4648      1.2228      3.0448         21.08        <.0001
 sum          0     1      2.8566      0.4721      1.9314      3.7819         36.62        <.0001
 sum          1     1     -0.6898      0.2026     -1.0868     -0.2927         11.60        0.0007
 sum          2     1     -2.4494      0.1613     -2.7656     -2.1332        230.55        <.0001
 sum          3     0      0.0000      0.0000      0.0000      0.0000           .           .    
 absingle           1     -0.5868      0.1910     -0.9612     -0.2124          9.44        0.0021
 abhlth             1      4.5972      0.3874      3.8378      5.3565        140.80        <.0001
 abpoor             0      0.0000      0.0000      0.0000      0.0000           .           .    
 Scale              0      1.0000      0.0000      1.0000      1.0000                            

NOTE: The scale parameter was held fixed.


                                      Observation Statistics
 
                                                                                       Standard
                                                                                       Error of
                                                                                            the
                                                                Predicted     Linear     Linear
  Observation      count   absingle     abhlth     abpoor  sum      Value  Predictor  Predictor
                                                                 Raw    Pearson   Deviance
                            HessWgt      Lower      Upper   Residual   Residual   Residual
                                Std        Std
                           Deviance    Pearson  Likelihood                          DFBETA_
                           Residual   Residual    Residual   Leverage      CookD  Intercept
                            DFBETA_    DFBETA_    DFBETA_    DFBETA_    DFBETA_   DFBETAS_
                               sum0       sum1       sum2   absingle     abhlth  Intercept
                           DFBETAS_   DFBETAS_   DFBETAS_   DFBETAS_   DFBETAS_
                               sum0       sum1       sum2   absingle     abhlth

            1        466          1          1          1  3          466  6.1441856  0.0463241
                                466  425.55409  510.29001  1.705E-13    7.9E-15          0
                                  .          .           .          1          .  -0.035828
                          0.0358276  0.0358276  0.0358276  -1.74E-16  -9.85E-16  -0.077081
                          0.0758953  0.1768685  0.2220978   -9.1E-16  -2.54E-15
            2         39          1          1          0  2    40.237763  3.6948059    0.15452
                          40.237763  29.723927  54.470512  -1.237763  -0.195128  -0.196142
                           -0.98983  -0.984715   -0.984917  0.9607338  3.9541577  1.0306359
                          -1.030636  -0.738557   -0.75264  -0.738113  -0.292523  2.2173533
                          -2.183247  -3.646002   -4.66567  -3.863894  -0.755031
            3          3          1          0          1  2    0.4056037  -0.902379  0.3942336
                          0.4056037  0.1872965  0.8783633  2.5943963  4.0736652  2.6109678
                          2.6973715  4.2084733   2.8166739   0.063039  0.1986029  0.3628958
                          -0.362896  0.0208663  0.0404171  0.0270375  -0.389933  0.7807491
                           -0.76874  0.1030097  0.2505484  0.1415364  -1.006456
                                          The SAS System      11:45 Tuesday, November 17, 2015   4

                                       The GENMOD Procedure

                                      Observation Statistics
 
                                                                                       Standard
                                                                                       Error of
                                                                                            the
                                                                Predicted     Linear     Linear
  Observation      count   absingle     abhlth     abpoor  sum      Value  Predictor  Predictor
                                                                 Raw    Pearson   Deviance
                            HessWgt      Lower      Upper   Residual   Residual   Residual
                                Std        Std
                           Deviance    Pearson  Likelihood                          DFBETA_
                           Residual   Residual    Residual   Leverage      CookD  Intercept
                            DFBETA_    DFBETA_    DFBETA_    DFBETA_    DFBETA_   DFBETAS_
                               sum0       sum1       sum2   absingle     abhlth  Intercept
                           DFBETAS_   DFBETAS_   DFBETAS_   DFBETAS_   DFBETAS_
                               sum0       sum1       sum2   absingle     abhlth

            4          1          1          0          0  1    2.3566337  0.8572342  0.3964882
                          2.3566337  1.0834296  5.1260577  -1.356634  -0.883724  -0.999399
                          -1.259594  -1.113803   -1.207637  0.3704697   0.121675  -0.239979
                           0.239979   -0.04955  -0.030493  -0.049242  0.2892209  -0.516301
                          0.5083593  -0.244613  -0.189026  -0.257773  0.7465077
            5         71          0          1          1  2    72.356634  4.2816071  0.1163489
                          72.356634  57.602588  90.889708  -1.356634  -0.159486  -0.159989
                          -1.117311  -1.113803   -1.113875  0.9794964  9.8772883  -1.154416
                          1.1544162  0.8648868  -0.030493  0.8651953  0.2892209  -2.483659
                          2.4454568  4.2696512  -0.189026  4.5291493  0.7465077
            6        423          0          1          0  1     420.4056    6.04122  0.0487494
                           420.4056  382.09638  462.55573  2.5943963  0.1265325  0.1264027
                          4.2041559  4.2084733   4.2084694   0.999096  3262.4974  -6.463836
                          6.4638361  6.8475981  0.0404171  0.0270375  6.4367987  -13.90657
                          13.692663  33.804256  0.2505484  0.1415364  16.614013
            7          3          0          0          1  1    4.2377625  1.4440354  0.3847004
                          4.2377625  1.9937883   9.007291  -1.237763  -0.601269  -0.634812
                          -1.039649  -0.984715   -1.005548  0.6271651  0.2718539  -0.536166
                          0.5361663  0.0448445  0.0307612  0.0452884  0.4908779  -1.153531
                          1.1357876  0.2213819   0.190691   0.237077  1.2670044
            8        147          0          0          0  0          147  4.9904326  0.0824786
                                147  125.05798  172.79185  2.842E-14  2.344E-15          0
                                  0  4.2044E-8   4.2044E-8          1          .  2.538E-16
                          0.0621963  -6.34E-17  -6.34E-17  -6.34E-17  -2.54E-16   5.46E-16
                          0.1317535  -3.13E-16  -3.93E-16  -3.32E-16  -6.55E-16
