                                          The SAS System      11:37 Tuesday, November 17, 2015   1

                                       The GENMOD Procedure

                                        Model Information

                                 Data Set              WORK.RAKE
                                 Distribution            Poisson
                                 Link Function               Log
                                 Dependent Variable       pseudo
                                 Offset Variable          log_ct


                             Number of Observations Read           9
                             Number of Observations Used           9


                                     Class Level Information
 
                                  Class         Levels    Values

                                  partyid            3    1 2 3 
                                  polviews           3    1 2 3 


                                      Parameter Information
 
                         Parameter       Effect       partyid    polviews

                         Prm1            Intercept                       
                         Prm2            partyid      1                  
                         Prm3            partyid      2                  
                         Prm4            partyid      3                  
                         Prm5            polviews                1       
                         Prm6            polviews                2       
                         Prm7            polviews                3       


                              Criteria For Assessing Goodness Of Fit
 
                 Criterion                     DF           Value        Value/DF

                 Deviance                       4        101.4214         25.3554
                 Scaled Deviance                4        101.4214         25.3554
                 Pearson Chi-Square             4        141.7303         35.4326
                 Scaled Pearson X2              4        141.7303         35.4326
                 Log Likelihood                          701.2567                
                 Full Log Likelihood                     -74.7832                
                 AIC (smaller is better)                 159.5663                
                 AICC (smaller is better)                179.5663                
                 BIC (smaller is better)                 160.5525                
                                          The SAS System      11:37 Tuesday, November 17, 2015   2

                                       The GENMOD Procedure

           Algorithm converged.                                                       


                        Analysis Of Maximum Likelihood Parameter Estimates
 
                                     Standard     Wald 95% Confidence          Wald
 Parameter         DF    Estimate       Error           Limits           Chi-Square    Pr > ChiSq

 Intercept          1     -1.6593      0.1120     -1.8788     -1.4398        219.54        <.0001
 partyid      1     1     -0.5661      0.1632     -0.8859     -0.2463         12.04        0.0005
 partyid      2     1     -0.4664      0.1536     -0.7674     -0.1654          9.22        0.0024
 partyid      3     0      0.0000      0.0000      0.0000      0.0000           .           .    
 polviews     1     1      0.5094      0.1642      0.1877      0.8312          9.63        0.0019
 polviews     2     1      0.0739      0.1508     -0.2216      0.3694          0.24        0.6240
 polviews     3     0      0.0000      0.0000      0.0000      0.0000           .           .    
 Scale              0      1.0000      0.0000      1.0000      1.0000                            

NOTE: The scale parameter was held fixed.


                                    Observation Statistics
 
                                                                                     Standard
                                                                                     Error of
                                                                                          the
                                                            Predicted      Linear      Linear
 Observation      pseudo      log_ct   partyid   polviews       Value   Predictor   Predictor
                                                                     Raw     Pearson    Deviance
                             HessWgt       Lower       Upper    Residual    Residual    Residual
                                 Std         Std
                            Deviance     Pearson   Likelihood                             DFBETA_
                            Residual    Residual     Residual    Leverage       CookD   Intercept
                             DFBETA_     DFBETA_     DFBETA_     DFBETA_    DFBETAS_    DFBETAS_
                            partyid1    partyid2   polviews1   polviews2   Intercept    partyid1
                            DFBETAS_    DFBETAS_    DFBETAS_
                            partyid2   polviews1   polviews2

           1   33.333333   5.7235851   1         1          55.016843   4.0076394   0.1169762
                           55.016843   43.744689   69.193613   -21.68351   -2.923356   -3.156198
                           -6.348296   -5.879963    -5.999129   0.7528195   21.059875   0.0309724
                           -0.573871   0.1768135   -0.657458   0.0843652   0.2765779   -3.517171
                           1.1513743   -4.004941    0.559568
           2   33.333333   5.6312118   1         2          32.451819   3.4797565   0.1339004
                           32.451819   24.961046   42.190561   0.8815142   0.1547426   0.1540498
                           0.2382262   0.2392975    0.2388501   0.5818393   0.0159355   -0.003444
                           0.0254116   0.0011209   -0.010949   0.0158288   -0.030754   0.1557437
                           0.0072991   -0.066694   0.1049873
                                          The SAS System      11:37 Tuesday, November 17, 2015   3

                                       The GENMOD Procedure

                                    Observation Statistics
 
                                                                                     Standard
                                                                                     Error of
                                                                                          the
                                                            Predicted      Linear      Linear
 Observation      pseudo      log_ct   partyid   polviews       Value   Predictor   Predictor
                                                                     Raw     Pearson    Deviance
                             HessWgt       Lower       Upper    Residual    Residual    Residual
                                 Std         Std
                            Deviance     Pearson   Likelihood                             DFBETA_
                            Residual    Residual     Residual    Leverage       CookD   Intercept
                             DFBETA_     DFBETA_     DFBETA_     DFBETA_    DFBETAS_    DFBETAS_
                            partyid1    partyid2   polviews1   polviews2   Intercept    partyid1
                            DFBETAS_    DFBETAS_    DFBETAS_
                            partyid2   polviews1   polviews2

           3   33.333333   4.7535902   1         3          12.531345   2.5282331   0.1601348
                           12.531345   9.1556809   17.151602   20.801989   5.8763279   4.8598022
                           5.8992058   7.1331437    6.3220398   0.3213434   4.8184924   0.1771914
                           0.6088156   0.2290329   -0.596311   -0.466595    1.582286   3.7313392
                           1.4914165   -3.632459   -3.094779
           4   33.333333   5.2203558   2         1          36.749485   3.6041242   0.1311581
                           36.749485    28.41903   47.521843   -3.416152   -0.563523    -0.57261
                           -0.944153   -0.929169    -0.934708   0.6321815   0.2967754   0.0084223
                           0.0491748   -0.062986   -0.105206   0.0008742   0.0752094   0.3013849
                           -0.410155   -0.640865   0.0057986
           5   33.333333   5.7430032   2         2          40.095416    3.691262   0.1245706
                           40.095416   31.409431    51.18343   -6.762083   -1.067906   -1.100253
                           -1.790021   -1.737395    -1.757463   0.6221937   0.9942225   0.0391517
                             -0.0039   -0.166974    0.024356    -0.14992   0.3496177   -0.023902
                           -1.087303   0.1483662   -0.994373
           6   33.333333   5.2678582   2         3          23.155102   3.1422152   0.1466168
                           23.155102   17.371857   30.863641   10.178231   2.1151879   1.9831929
                           2.7983786   2.9846298    2.8925852   0.4977534   1.7656647   0.1059281
                           0.1626475   0.3297071   -0.316577   -0.290908   0.9459176    0.996842
                           2.1469868   -1.928447     -1.9295
           7   33.333333   3.2580965   3         1          8.2336841   2.1082336   0.1649905
                           8.2336841   5.9587346   11.377173   25.099649   8.7472301   6.5591405
                           7.4465342    9.930653     8.070078   0.2241362   5.6978648   0.2072588
                           -0.649608   -0.543528   0.6733843   0.2214804   1.8507822    -3.98135
                           -3.539343   4.1019563    1.469011
           8   33.333333   4.8978398   3         2          27.452775   3.3124673   0.1429777
                           27.452775   20.743566   36.331983   5.8805581   1.1223425   1.0854766
                           1.6386662   1.6943201    1.6701279   0.5612068   0.7343176   0.0686972
                           -0.195231   -0.191025   0.1089137   0.2052679    0.613453   -1.196543
                            -1.24392   0.6634538   1.3614788
                                          The SAS System      11:37 Tuesday, November 17, 2015   4

                                       The GENMOD Procedure

                                    Observation Statistics
 
                                                                                     Standard
                                                                                     Error of
                                                                                          the
                                                            Predicted      Linear      Linear
 Observation      pseudo      log_ct   partyid   polviews       Value   Predictor   Predictor
                                                                     Raw     Pearson    Deviance
                             HessWgt       Lower       Upper    Residual    Residual    Residual
                                 Std         Std
                            Deviance     Pearson   Likelihood                             DFBETA_
                            Residual    Residual     Residual    Leverage       CookD   Intercept
                             DFBETA_     DFBETA_     DFBETA_     DFBETA_    DFBETAS_    DFBETAS_
                            partyid1    partyid2   polviews1   polviews2   Intercept    partyid1
                            DFBETAS_    DFBETAS_    DFBETAS_
                            partyid2   polviews1   polviews2

           9   33.333333   5.8230459   3         3          64.313626   4.1637715   0.1119845
                           64.313626   51.639455   80.098491   -30.98029   -3.863083   -4.259853
                            -9.68464   -8.782596    -8.964203   0.8065262   64.309051    -2.00807
                           1.0824102   1.1710821   0.9821953   1.1872578   -17.93168   6.6339294
                           7.6258534   5.9830944   7.8747138
