                                                      The SAS System                    07:36 Tuesday, October 8, 2019   1

                                                    The FREQ Procedure

                                                 Table of poured by guess

                                           poured     guess

                                           Frequency|
                                           Percent  |
                                           Row Pct  |
                                           Col Pct  |       1|       2|  Total
                                           ---------+--------+--------+
                                                  1 |      3 |      1 |      4
                                                    |  37.50 |  12.50 |  50.00
                                                    |  75.00 |  25.00 |
                                                    |  75.00 |  25.00 |
                                           ---------+--------+--------+
                                                  2 |      1 |      3 |      4
                                                    |  12.50 |  37.50 |  50.00
                                                    |  25.00 |  75.00 |
                                                    |  25.00 |  75.00 |
                                           ---------+--------+--------+
                                           Total           4        4        8
                                                       50.00    50.00   100.00


                                         Statistics for Table of poured by guess

                                  Statistic                     DF       Value      Prob
                                  ------------------------------------------------------
                                  Chi-Square                     1      2.0000    0.1573
                                  Likelihood Ratio Chi-Square    1      2.0930    0.1480
                                  Continuity Adj. Chi-Square     1      0.5000    0.4795
                                  Mantel-Haenszel Chi-Square     1      1.7500    0.1859
                                  Phi Coefficient                       0.5000          
                                  Contingency Coefficient               0.4472          
                                  Cramer's V                            0.5000          

                                   WARNING: 100% of the cells have expected counts less
                                            than 5. Chi-Square may not be a valid test.


                                                   Fisher's Exact Test
                                            ----------------------------------
                                            Cell (1,1) Frequency (F)         3
                                            Left-sided Pr <= F          0.9857
                                            Right-sided Pr >= F         0.2429
                                                                              
                                            Table Probability (P)       0.2286
                                            Two-sided Pr <= P           0.4857
                                                      The SAS System                    07:36 Tuesday, October 8, 2019   2

                                                    The FREQ Procedure
 
                                         Statistics for Table of poured by guess

                                  Statistic                              Value       ASE
                                  ------------------------------------------------------
                                  Gamma                                 0.8000    0.2939
                                  Kendall's Tau-b                       0.5000    0.3062
                                  Stuart's Tau-c                        0.5000    0.3062

                                  Somers' D C|R                         0.5000    0.3062
                                  Somers' D R|C                         0.5000    0.3062

                                  Pearson Correlation                   0.5000    0.3062
                                  Spearman Correlation                  0.5000    0.3062

                                  Lambda Asymmetric C|R                 0.5000    0.3536
                                  Lambda Asymmetric R|C                 0.5000    0.3536
                                  Lambda Symmetric                      0.5000    0.3423

                                  Uncertainty Coefficient C|R           0.1887    0.2426
                                  Uncertainty Coefficient R|C           0.1887    0.2426
                                  Uncertainty Coefficient Symmetric     0.1887    0.2426


                                                 Column 1 Risk Estimates
 
                                                            (Asymptotic) 95%         (Exact) 95%
                                        Risk        ASE     Confidence Limits     Confidence Limits
                      -----------------------------------------------------------------------------
                      Row 1           0.7500     0.2165     0.3257     1.0000     0.1941     0.9937
                      Row 2           0.2500     0.2165     0.0000     0.6743     0.0063     0.8059
                      Total           0.5000     0.1768     0.1535     0.8465     0.1570     0.8430

                      Difference      0.5000     0.3062    -0.1001     1.0000                      

                                              Difference is (Row 1 - Row 2)


                                                 Column 2 Risk Estimates
 
                                                            (Asymptotic) 95%         (Exact) 95%
                                        Risk        ASE     Confidence Limits     Confidence Limits
                      -----------------------------------------------------------------------------
                      Row 1           0.2500     0.2165     0.0000     0.6743     0.0063     0.8059
                      Row 2           0.7500     0.2165     0.3257     1.0000     0.1941     0.9937
                      Total           0.5000     0.1768     0.1535     0.8465     0.1570     0.8430

                      Difference     -0.5000     0.3062    -1.0000     0.1001                      

                                              Difference is (Row 1 - Row 2)
                                                      The SAS System                    07:36 Tuesday, October 8, 2019   3

                                                    The FREQ Procedure
 
                                         Statistics for Table of poured by guess

                                              Odds Ratio and Relative Risks
 
                            Statistic                        Value       95% Confidence Limits
                            ------------------------------------------------------------------
                            Odds Ratio                      9.0000        0.3666      220.9270
                            Relative Risk (Column 1)        3.0000        0.5013       17.9539
                            Relative Risk (Column 2)        0.3333        0.0557        1.9949


                                                       Odds Ratio
                                           -----------------------------------
                                           Odds Ratio                   9.0000
                                                                              
                                           Asymptotic Conf Limits             
                                           95% Lower Conf Limit         0.3666
                                           95% Upper Conf Limit       220.9270
                                                                              
                                           Exact Conf Limits                  
                                           95% Lower Conf Limit         0.2117
                                           95% Upper Conf Limit       626.2435

                                                     Sample Size = 8
                                                      The SAS System                    07:36 Tuesday, October 8, 2019   4

                                                  The LOGISTIC Procedure

                                                    Model Information

                                      Data Set                      WORK.FISHER     
                                      Response Variable             guess           
                                      Number of Response Levels     2               
                                      Frequency Variable            count           
                                      Model                         binary logit    
                                      Optimization Technique        Fisher's scoring


                                         Number of Observations Read           4
                                         Number of Observations Used           4
                                         Sum of Frequencies Read               8
                                         Sum of Frequencies Used               8


                                                     Response Profile
 
                                            Ordered                      Total
                                              Value        guess     Frequency

                                                  1            2             4
                                                  2            1             4

                                             Probability modeled is guess=2.


                                                 Model Convergence Status

                                      Convergence criterion (GCONV=1E-8) satisfied.          


                                                   Model Fit Statistics
 
                                                                       Intercept
                                                        Intercept            and
                                          Criterion          Only     Covariates

                                          AIC              13.090         12.997
                                          SC               13.170         13.156
                                          -2 Log L         11.090          8.997


                                         Testing Global Null Hypothesis: BETA=0
 
                                 Test                 Chi-Square       DF     Pr > ChiSq

                                 Likelihood Ratio         2.0930        1         0.1480
                                 Score                    2.0000        1         0.1573
                                 Wald                     1.8104        1         0.1785


                                        Analysis of Maximum Likelihood Estimates
 
                                                          Standard          Wald
                           Parameter    DF    Estimate       Error    Chi-Square    Pr > ChiSq

                           Intercept     1     -3.2958      2.5820        1.6294        0.2018
                           poured        1      2.1972      1.6330        1.8104        0.1785
                                                      The SAS System                    07:36 Tuesday, October 8, 2019   5

                                                  The LOGISTIC Procedure

                              Association of Predicted Probabilities and Observed Responses

                                    Percent Concordant     56.3    Somers' D    0.500
                                    Percent Discordant      6.3    Gamma        0.800
                                    Percent Tied           37.5    Tau-a        0.286
                                    Pairs                    16    c            0.750


                             Odds Ratio Estimates and Profile-Likelihood Confidence Intervals
 
                                Effect         Unit     Estimate     95% Confidence Limits

                                poured       1.0000        9.000        0.478      418.980
