1                                         The SAS System           11:24 Monday, December 14, 2015

NOTE: Copyright (c) 2002-2012 by SAS Institute Inc., Cary, NC, USA. 
NOTE: SAS (r) Proprietary Software 9.4 (TS1M1) 
      Licensed to UNIVERSITY OF BIRMINGHAM, Site 51200421.
NOTE: This session is executing on the W32_8HOME  platform.



NOTE: Updated analytical products:
      
      SAS/STAT 13.1
      SAS/ETS 13.1
      SAS/OR 13.1
      SAS/IML 13.1
      SAS/QC 13.1

NOTE: Additional host information:

 W32_8HOME WIN 6.2.9200  Workstation

NOTE: SAS initialization used:
      real time           0.34 seconds
      cpu time            0.07 seconds
      
1          x 'chdir "C:\Apache\htdocs\casper2\home\Users\admin"'
1        !                                                      ;
2          
3          /*
4              Do not run this script directly, as it requires
5              macro variables parm1,parm2,parm3, run volume.par
6              or input.par instead.
7          */
8          
9          %let l = &parm1;
10         %let h = &parm2;
11         %let b = &parm3;
12         
13         data volume;
14             v = &l*&h*&b;
15         	output;
16         run;

NOTE: The data set WORK.VOLUME has 1 observations and 1 variables.
NOTE: DATA statement used (Total process time):
      real time           0.00 seconds
      cpu time            0.00 seconds
      

17         
18         proc print data=volume;
19         run;

NOTE: There were 1 observations read from the data set WORK.VOLUME.
NOTE: The PROCEDURE PRINT printed page 1.
2                                         The SAS System           11:24 Monday, December 14, 2015

NOTE: PROCEDURE PRINT used (Total process time):
      real time           0.01 seconds
      cpu time            0.01 seconds
      

NOTE: SAS Institute Inc., SAS Campus Drive, Cary, NC USA 27513-2414
NOTE: The SAS System used:
      real time           0.39 seconds
      cpu time            0.10 seconds
      
